2013-04-25 13:36:33 [SERVER] [INFO] Starting integrated minecraft server version 1.5.1
2013-04-25 13:36:33 [SERVER] [INFO] Generating keypair
2013-04-25 13:36:33 [SERVER] [INFO] Converting map!
2013-04-25 13:36:33 [SERVER] [INFO] Scanning folders...
2013-04-25 13:36:33 [SERVER] [INFO] Total conversion count is 0
2013-04-25 13:36:34 [SERVER] [INFO] Preparing start region for level 0
2013-04-25 13:36:35 [SERVER] [INFO] Preparing spawn area: 14%
2013-04-25 13:36:36 [SERVER] [INFO] Preparing spawn area: 40%
2013-04-25 13:36:37 [SERVER] [INFO] Preparing spawn area: 69%
2013-04-25 13:36:38 [SERVER] [INFO] Preparing spawn area: 97%
2013-04-25 13:36:38 [SERVER] [INFO] Player481[/127.0.0.1:0] logged in with entity id 206 at (-206.5, 64.0, 230.5)
2013-04-25 13:39:59 [SERVER] [INFO] Saving and pausing game...
2013-04-25 13:39:59 [SERVER] [INFO] Saving chunks for level 'New World'/Overworld
2013-04-25 13:39:59 [SERVER] [INFO] Saving chunks for level 'New World'/Nether
2013-04-25 13:39:59 [SERVER] [INFO] Saving chunks for level 'New World'/The End
2013-04-25 13:40:00 [SERVER] [INFO] Stopping server
2013-04-25 13:40:00 [SERVER] [INFO] Saving players
2013-04-25 13:40:00 [SERVER] [INFO] Saving worlds
2013-04-25 13:40:00 [SERVER] [INFO] Saving chunks for level 'New World'/Overworld
2013-04-25 13:40:00 [SERVER] [INFO] Saving chunks for level 'New World'/Nether
2013-04-25 13:40:00 [SERVER] [INFO] Saving chunks for level 'New World'/The End
2013-04-25 14:06:07 [SERVER] [INFO] Starting integrated minecraft server version 1.5.1
2013-04-25 14:06:07 [SERVER] [INFO] Generating keypair
2013-04-25 14:06:07 [SERVER] [INFO] Preparing start region for level 0
2013-04-25 14:06:08 [SERVER] [INFO] Player471[/127.0.0.1:0] logged in with entity id 407 at (-149.01589044893205, 63.0, 201.34600149093504)
2013-04-25 14:06:28 [SERVER] [INFO] Saving and pausing game...
2013-04-25 14:06:28 [SERVER] [INFO] Saving chunks for level 'New World'/Overworld
2013-04-25 14:06:28 [SERVER] [INFO] Saving chunks for level 'New World'/Nether
2013-04-25 14:06:28 [SERVER] [INFO] Saving chunks for level 'New World'/The End
2013-04-25 14:06:28 [SERVER] [INFO] Player471 lost connection: disconnect.quitting
2013-04-25 14:06:28 [SERVER] [INFO] Stopping singleplayer server as player logged out
2013-04-25 14:06:29 [SERVER] [INFO] Stopping server
2013-04-25 14:06:29 [SERVER] [INFO] Saving players
2013-04-25 14:06:29 [SERVER] [INFO] Saving worlds
2013-04-25 14:06:29 [SERVER] [INFO] Saving chunks for level 'New World'/Overworld
2013-04-25 14:06:29 [SERVER] [INFO] Saving chunks for level 'New World'/Nether
2013-04-25 14:06:29 [SERVER] [INFO] Saving chunks for level 'New World'/The End
2013-04-25 14:07:13 [SERVER] [INFO] Starting integrated minecraft server version 1.5.1
2013-04-25 14:07:13 [SERVER] [INFO] Generating keypair
2013-04-25 14:07:13 [SERVER] [INFO] Preparing start region for level 0
2013-04-25 14:07:14 [SERVER] [INFO] Player478[/127.0.0.1:0] logged in with entity id 376 at (-149.01589044893205, 63.0, 201.34600149093504)
2013-04-25 14:07:21 [SERVER] [INFO] Stopping server
2013-04-25 14:07:21 [SERVER] [INFO] Saving players
2013-04-25 14:07:21 [SERVER] [INFO] Saving worlds
2013-04-25 14:07:21 [SERVER] [INFO] Saving chunks for level 'New World'/Overworld
2013-04-25 14:07:21 [SERVER] [INFO] Saving chunks for level 'New World'/Nether
2013-04-25 14:07:21 [SERVER] [INFO] Saving chunks for level 'New World'/The End
2013-04-25 14:08:26 [SERVER] [INFO] Starting integrated minecraft server version 1.5.1
2013-04-25 14:08:26 [SERVER] [INFO] Generating keypair
2013-04-25 14:08:26 [SERVER] [INFO] Preparing start region for level 0
2013-04-25 14:08:27 [SERVER] [INFO] Player189[/127.0.0.1:0] logged in with entity id 379 at (-149.01589044893205, 63.0, 201.34600149093504)
2013-04-25 14:08:32 [SERVER] [INFO] Saving and pausing game...
2013-04-25 14:08:32 [SERVER] [INFO] Saving chunks for level 'New World'/Overworld
2013-04-25 14:08:32 [SERVER] [INFO] Saving chunks for level 'New World'/Nether
2013-04-25 14:08:32 [SERVER] [INFO] Saving chunks for level 'New World'/The End
2013-04-25 14:08:33 [SERVER] [INFO] Stopping server
2013-04-25 14:08:33 [SERVER] [INFO] Saving players
2013-04-25 14:08:33 [SERVER] [INFO] Saving worlds
2013-04-25 14:08:33 [SERVER] [INFO] Saving chunks for level 'New World'/Overworld
2013-04-25 14:08:33 [SERVER] [INFO] Saving chunks for level 'New World'/Nether
2013-04-25 14:08:33 [SERVER] [INFO] Saving chunks for level 'New World'/The End
2013-04-25 14:14:56 [SERVER] [INFO] Starting integrated minecraft server version 1.5.1
2013-04-25 14:14:56 [SERVER] [INFO] Generating keypair
2013-04-25 14:14:56 [SERVER] [INFO] Preparing start region for level 0
2013-04-25 14:14:57 [SERVER] [INFO] Player598[/127.0.0.1:0] logged in with entity id 369 at (25.87008060934776, 79.0, 244.8855444370382)
2013-04-25 14:15:56 [SERVER] [INFO] Stopping server
2013-04-25 14:15:56 [SERVER] [INFO] Saving players
2013-04-25 14:15:56 [SERVER] [INFO] Saving worlds
2013-04-25 14:15:56 [SERVER] [INFO] Saving chunks for level 'New World'/Overworld
2013-04-25 14:15:56 [SERVER] [INFO] Saving chunks for level 'New World'/Nether
2013-04-25 14:15:56 [SERVER] [INFO] Saving chunks for level 'New World'/The End
