2013-04-25 10:47:12 [CLIENT] [INFO] Setting user: Player907
2013-04-25 10:47:12 [CLIENT] [INFO] LWJGL Version: 2.4.2
2013-04-25 10:47:15 [CLIENT] [INFO] Found animation info for: textures/blocks/lava_flow.txt
2013-04-25 10:47:15 [CLIENT] [INFO] Found animation info for: textures/blocks/water_flow.txt
2013-04-25 10:47:15 [CLIENT] [INFO] Found animation info for: textures/blocks/fire_0.txt
2013-04-25 10:47:15 [CLIENT] [INFO] Found animation info for: textures/blocks/fire_1.txt
2013-04-25 10:47:15 [CLIENT] [INFO] Found animation info for: textures/blocks/lava.txt
2013-04-25 10:47:15 [CLIENT] [INFO] Found animation info for: textures/blocks/portal.txt
2013-04-25 10:47:15 [CLIENT] [INFO] Found animation info for: textures/blocks/water.txt
2013-04-25 10:47:15 [CLIENT] [INFO] Found animation info for: textures/items/clock.txt
2013-04-25 10:47:15 [CLIENT] [INFO] Found animation info for: textures/items/compass.txt
2013-04-25 10:47:16 [CLIENT] [INFO] Found animation info for: textures/blocks/lava_flow.txt
2013-04-25 10:47:16 [CLIENT] [INFO] Found animation info for: textures/blocks/water_flow.txt
2013-04-25 10:47:16 [CLIENT] [INFO] Found animation info for: textures/blocks/fire_0.txt
2013-04-25 10:47:16 [CLIENT] [INFO] Found animation info for: textures/blocks/fire_1.txt
2013-04-25 10:47:16 [CLIENT] [INFO] Found animation info for: textures/blocks/lava.txt
2013-04-25 10:47:16 [CLIENT] [INFO] Found animation info for: textures/blocks/portal.txt
2013-04-25 10:47:16 [CLIENT] [INFO] Found animation info for: textures/blocks/water.txt
2013-04-25 10:47:16 [CLIENT] [INFO] Found animation info for: textures/items/clock.txt
2013-04-25 10:47:16 [CLIENT] [INFO] Found animation info for: textures/items/compass.txt
2013-04-25 13:36:07 [CLIENT] [INFO] Setting user: Player368
2013-04-25 13:36:07 [CLIENT] [INFO] LWJGL Version: 2.4.2
2013-04-25 13:36:09 [CLIENT] [INFO] Found animation info for: textures/blocks/lava_flow.txt
2013-04-25 13:36:09 [CLIENT] [INFO] Found animation info for: textures/blocks/water_flow.txt
2013-04-25 13:36:09 [CLIENT] [INFO] Found animation info for: textures/blocks/fire_0.txt
2013-04-25 13:36:09 [CLIENT] [INFO] Found animation info for: textures/blocks/fire_1.txt
2013-04-25 13:36:09 [CLIENT] [INFO] Found animation info for: textures/blocks/lava.txt
2013-04-25 13:36:09 [CLIENT] [INFO] Found animation info for: textures/blocks/portal.txt
2013-04-25 13:36:09 [CLIENT] [INFO] Found animation info for: textures/blocks/water.txt
2013-04-25 13:36:10 [CLIENT] [INFO] Found animation info for: textures/items/clock.txt
2013-04-25 13:36:10 [CLIENT] [INFO] Found animation info for: textures/items/compass.txt
2013-04-25 13:36:10 [CLIENT] [INFO] Found animation info for: textures/blocks/lava_flow.txt
2013-04-25 13:36:10 [CLIENT] [INFO] Found animation info for: textures/blocks/water_flow.txt
2013-04-25 13:36:10 [CLIENT] [INFO] Found animation info for: textures/blocks/fire_0.txt
2013-04-25 13:36:10 [CLIENT] [INFO] Found animation info for: textures/blocks/fire_1.txt
2013-04-25 13:36:10 [CLIENT] [INFO] Found animation info for: textures/blocks/lava.txt
2013-04-25 13:36:10 [CLIENT] [INFO] Found animation info for: textures/blocks/portal.txt
2013-04-25 13:36:10 [CLIENT] [INFO] Found animation info for: textures/blocks/water.txt
2013-04-25 13:36:11 [CLIENT] [WARNING] TextureManager.createTexture called for file textures/items/null.png, but that file does not exist. Ignoring.
2013-04-25 13:36:11 [CLIENT] [INFO] Found animation info for: textures/items/clock.txt
2013-04-25 13:36:11 [CLIENT] [INFO] Found animation info for: textures/items/compass.txt
2013-04-25 13:36:14 [CLIENT] [INFO] Stopping!
2013-04-25 13:36:21 [CLIENT] [INFO] Setting user: Player481
2013-04-25 13:36:21 [CLIENT] [INFO] LWJGL Version: 2.4.2
2013-04-25 13:36:24 [CLIENT] [INFO] Found animation info for: textures/blocks/lava_flow.txt
2013-04-25 13:36:24 [CLIENT] [INFO] Found animation info for: textures/blocks/water_flow.txt
2013-04-25 13:36:24 [CLIENT] [INFO] Found animation info for: textures/blocks/fire_0.txt
2013-04-25 13:36:24 [CLIENT] [INFO] Found animation info for: textures/blocks/fire_1.txt
2013-04-25 13:36:24 [CLIENT] [INFO] Found animation info for: textures/blocks/lava.txt
2013-04-25 13:36:24 [CLIENT] [INFO] Found animation info for: textures/blocks/portal.txt
2013-04-25 13:36:24 [CLIENT] [INFO] Found animation info for: textures/blocks/water.txt
2013-04-25 13:36:24 [CLIENT] [INFO] Found animation info for: textures/items/clock.txt
2013-04-25 13:36:24 [CLIENT] [INFO] Found animation info for: textures/items/compass.txt
2013-04-25 13:36:25 [CLIENT] [INFO] Found animation info for: textures/blocks/lava_flow.txt
2013-04-25 13:36:25 [CLIENT] [INFO] Found animation info for: textures/blocks/water_flow.txt
2013-04-25 13:36:25 [CLIENT] [INFO] Found animation info for: textures/blocks/fire_0.txt
2013-04-25 13:36:25 [CLIENT] [INFO] Found animation info for: textures/blocks/fire_1.txt
2013-04-25 13:36:25 [CLIENT] [INFO] Found animation info for: textures/blocks/lava.txt
2013-04-25 13:36:25 [CLIENT] [INFO] Found animation info for: textures/blocks/portal.txt
2013-04-25 13:36:25 [CLIENT] [INFO] Found animation info for: textures/blocks/water.txt
2013-04-25 13:36:25 [CLIENT] [WARNING] TextureManager.createTexture called for file textures/items/null.png, but that file does not exist. Ignoring.
2013-04-25 13:36:25 [CLIENT] [INFO] Found animation info for: textures/items/clock.txt
2013-04-25 13:36:25 [CLIENT] [INFO] Found animation info for: textures/items/compass.txt
2013-04-25 13:40:03 [CLIENT] [INFO] Stopping!
2013-04-25 14:05:43 [CLIENT] [INFO] Setting user: Player471
2013-04-25 14:05:43 [CLIENT] [INFO] LWJGL Version: 2.4.2
2013-04-25 14:05:45 [CLIENT] [INFO] Found animation info for: textures/blocks/lava_flow.txt
2013-04-25 14:05:45 [CLIENT] [INFO] Found animation info for: textures/blocks/water_flow.txt
2013-04-25 14:05:45 [CLIENT] [INFO] Found animation info for: textures/blocks/fire_0.txt
2013-04-25 14:05:45 [CLIENT] [INFO] Found animation info for: textures/blocks/fire_1.txt
2013-04-25 14:05:45 [CLIENT] [INFO] Found animation info for: textures/blocks/lava.txt
2013-04-25 14:05:45 [CLIENT] [INFO] Found animation info for: textures/blocks/portal.txt
2013-04-25 14:05:45 [CLIENT] [INFO] Found animation info for: textures/blocks/water.txt
2013-04-25 14:05:46 [CLIENT] [INFO] Found animation info for: textures/items/clock.txt
2013-04-25 14:05:46 [CLIENT] [INFO] Found animation info for: textures/items/compass.txt
2013-04-25 14:05:46 [CLIENT] [WARNING] TextureManager.createTexture called for file mods/Basis/textures/blocks/testblock.png, but that file does not exist. Ignoring.
2013-04-25 14:05:46 [CLIENT] [INFO] Found animation info for: textures/blocks/lava_flow.txt
2013-04-25 14:05:46 [CLIENT] [INFO] Found animation info for: textures/blocks/water_flow.txt
2013-04-25 14:05:46 [CLIENT] [INFO] Found animation info for: textures/blocks/fire_0.txt
2013-04-25 14:05:46 [CLIENT] [INFO] Found animation info for: textures/blocks/fire_1.txt
2013-04-25 14:05:46 [CLIENT] [INFO] Found animation info for: textures/blocks/lava.txt
2013-04-25 14:05:46 [CLIENT] [INFO] Found animation info for: textures/blocks/portal.txt
2013-04-25 14:05:46 [CLIENT] [INFO] Found animation info for: textures/blocks/water.txt
2013-04-25 14:05:47 [CLIENT] [WARNING] TextureManager.createTexture called for file textures/items/null.png, but that file does not exist. Ignoring.
2013-04-25 14:05:47 [CLIENT] [INFO] Found animation info for: textures/items/clock.txt
2013-04-25 14:05:47 [CLIENT] [INFO] Found animation info for: textures/items/compass.txt
2013-04-25 14:07:05 [CLIENT] [INFO] Setting user: Player478
2013-04-25 14:07:05 [CLIENT] [INFO] LWJGL Version: 2.4.2
2013-04-25 14:07:07 [CLIENT] [INFO] Found animation info for: textures/blocks/lava_flow.txt
2013-04-25 14:07:07 [CLIENT] [INFO] Found animation info for: textures/blocks/water_flow.txt
2013-04-25 14:07:07 [CLIENT] [INFO] Found animation info for: textures/blocks/fire_0.txt
2013-04-25 14:07:07 [CLIENT] [INFO] Found animation info for: textures/blocks/fire_1.txt
2013-04-25 14:07:07 [CLIENT] [INFO] Found animation info for: textures/blocks/lava.txt
2013-04-25 14:07:07 [CLIENT] [INFO] Found animation info for: textures/blocks/portal.txt
2013-04-25 14:07:07 [CLIENT] [INFO] Found animation info for: textures/blocks/water.txt
2013-04-25 14:07:08 [CLIENT] [INFO] Found animation info for: textures/items/clock.txt
2013-04-25 14:07:08 [CLIENT] [INFO] Found animation info for: textures/items/compass.txt
2013-04-25 14:07:08 [CLIENT] [WARNING] TextureManager.createTexture called for file mods/Basis/textures/blocks/testblock.png, but that file does not exist. Ignoring.
2013-04-25 14:07:08 [CLIENT] [INFO] Found animation info for: textures/blocks/lava_flow.txt
2013-04-25 14:07:08 [CLIENT] [INFO] Found animation info for: textures/blocks/water_flow.txt
2013-04-25 14:07:08 [CLIENT] [INFO] Found animation info for: textures/blocks/fire_0.txt
2013-04-25 14:07:08 [CLIENT] [INFO] Found animation info for: textures/blocks/fire_1.txt
2013-04-25 14:07:08 [CLIENT] [INFO] Found animation info for: textures/blocks/lava.txt
2013-04-25 14:07:08 [CLIENT] [INFO] Found animation info for: textures/blocks/portal.txt
2013-04-25 14:07:08 [CLIENT] [INFO] Found animation info for: textures/blocks/water.txt
2013-04-25 14:07:09 [CLIENT] [WARNING] TextureManager.createTexture called for file textures/items/null.png, but that file does not exist. Ignoring.
2013-04-25 14:07:09 [CLIENT] [INFO] Found animation info for: textures/items/clock.txt
2013-04-25 14:07:09 [CLIENT] [INFO] Found animation info for: textures/items/compass.txt
2013-04-25 14:07:32 [CLIENT] [INFO] Stopping!
2013-04-25 14:08:18 [CLIENT] [INFO] Setting user: Player189
2013-04-25 14:08:18 [CLIENT] [INFO] LWJGL Version: 2.4.2
2013-04-25 14:08:21 [CLIENT] [INFO] Found animation info for: textures/blocks/lava_flow.txt
2013-04-25 14:08:21 [CLIENT] [INFO] Found animation info for: textures/blocks/water_flow.txt
2013-04-25 14:08:21 [CLIENT] [INFO] Found animation info for: textures/blocks/fire_0.txt
2013-04-25 14:08:21 [CLIENT] [INFO] Found animation info for: textures/blocks/fire_1.txt
2013-04-25 14:08:21 [CLIENT] [INFO] Found animation info for: textures/blocks/lava.txt
2013-04-25 14:08:21 [CLIENT] [INFO] Found animation info for: textures/blocks/portal.txt
2013-04-25 14:08:21 [CLIENT] [INFO] Found animation info for: textures/blocks/water.txt
2013-04-25 14:08:22 [CLIENT] [INFO] Found animation info for: textures/items/clock.txt
2013-04-25 14:08:22 [CLIENT] [INFO] Found animation info for: textures/items/compass.txt
2013-04-25 14:08:22 [CLIENT] [WARNING] TextureManager.createTexture called for file mods/Basis/textures/blocks/testblock.png, but that file does not exist. Ignoring.
2013-04-25 14:08:22 [CLIENT] [INFO] Found animation info for: textures/blocks/lava_flow.txt
2013-04-25 14:08:22 [CLIENT] [INFO] Found animation info for: textures/blocks/water_flow.txt
2013-04-25 14:08:22 [CLIENT] [INFO] Found animation info for: textures/blocks/fire_0.txt
2013-04-25 14:08:22 [CLIENT] [INFO] Found animation info for: textures/blocks/fire_1.txt
2013-04-25 14:08:22 [CLIENT] [INFO] Found animation info for: textures/blocks/lava.txt
2013-04-25 14:08:22 [CLIENT] [INFO] Found animation info for: textures/blocks/portal.txt
2013-04-25 14:08:22 [CLIENT] [INFO] Found animation info for: textures/blocks/water.txt
2013-04-25 14:08:22 [CLIENT] [WARNING] TextureManager.createTexture called for file textures/items/null.png, but that file does not exist. Ignoring.
2013-04-25 14:08:22 [CLIENT] [INFO] Found animation info for: textures/items/clock.txt
2013-04-25 14:08:22 [CLIENT] [INFO] Found animation info for: textures/items/compass.txt
2013-04-25 14:09:56 [CLIENT] [INFO] Stopping!
2013-04-25 14:13:17 [CLIENT] [INFO] Setting user: Player517
2013-04-25 14:13:17 [CLIENT] [INFO] LWJGL Version: 2.4.2
2013-04-25 14:13:19 [CLIENT] [INFO] Found animation info for: textures/blocks/lava_flow.txt
2013-04-25 14:13:19 [CLIENT] [INFO] Found animation info for: textures/blocks/water_flow.txt
2013-04-25 14:13:19 [CLIENT] [INFO] Found animation info for: textures/blocks/fire_0.txt
2013-04-25 14:13:19 [CLIENT] [INFO] Found animation info for: textures/blocks/fire_1.txt
2013-04-25 14:13:19 [CLIENT] [INFO] Found animation info for: textures/blocks/lava.txt
2013-04-25 14:13:19 [CLIENT] [INFO] Found animation info for: textures/blocks/portal.txt
2013-04-25 14:13:19 [CLIENT] [INFO] Found animation info for: textures/blocks/water.txt
2013-04-25 14:13:20 [CLIENT] [INFO] Found animation info for: textures/items/clock.txt
2013-04-25 14:13:20 [CLIENT] [INFO] Found animation info for: textures/items/compass.txt
2013-04-25 14:13:20 [CLIENT] [WARNING] TextureManager.createTexture called for file mods/Basis/textures/blocks/testblock.png, but that file does not exist. Ignoring.
2013-04-25 14:13:20 [CLIENT] [INFO] Found animation info for: textures/blocks/lava_flow.txt
2013-04-25 14:13:20 [CLIENT] [INFO] Found animation info for: textures/blocks/water_flow.txt
2013-04-25 14:13:20 [CLIENT] [INFO] Found animation info for: textures/blocks/fire_0.txt
2013-04-25 14:13:20 [CLIENT] [INFO] Found animation info for: textures/blocks/fire_1.txt
2013-04-25 14:13:20 [CLIENT] [INFO] Found animation info for: textures/blocks/lava.txt
2013-04-25 14:13:20 [CLIENT] [INFO] Found animation info for: textures/blocks/portal.txt
2013-04-25 14:13:20 [CLIENT] [INFO] Found animation info for: textures/blocks/water.txt
2013-04-25 14:13:21 [CLIENT] [WARNING] TextureManager.createTexture called for file textures/items/null.png, but that file does not exist. Ignoring.
2013-04-25 14:13:21 [CLIENT] [INFO] Found animation info for: textures/items/clock.txt
2013-04-25 14:13:21 [CLIENT] [INFO] Found animation info for: textures/items/compass.txt
2013-04-25 14:14:12 [CLIENT] [INFO] Setting user: Player598
2013-04-25 14:14:12 [CLIENT] [INFO] LWJGL Version: 2.4.2
2013-04-25 14:14:15 [CLIENT] [INFO] Found animation info for: textures/blocks/lava_flow.txt
2013-04-25 14:14:15 [CLIENT] [INFO] Found animation info for: textures/blocks/water_flow.txt
2013-04-25 14:14:15 [CLIENT] [INFO] Found animation info for: textures/blocks/fire_0.txt
2013-04-25 14:14:15 [CLIENT] [INFO] Found animation info for: textures/blocks/fire_1.txt
2013-04-25 14:14:15 [CLIENT] [INFO] Found animation info for: textures/blocks/lava.txt
2013-04-25 14:14:15 [CLIENT] [INFO] Found animation info for: textures/blocks/portal.txt
2013-04-25 14:14:15 [CLIENT] [INFO] Found animation info for: textures/blocks/water.txt
2013-04-25 14:14:15 [CLIENT] [INFO] Found animation info for: textures/items/clock.txt
2013-04-25 14:14:15 [CLIENT] [INFO] Found animation info for: textures/items/compass.txt
2013-04-25 14:14:15 [CLIENT] [INFO] Found animation info for: textures/blocks/lava_flow.txt
2013-04-25 14:14:15 [CLIENT] [INFO] Found animation info for: textures/blocks/water_flow.txt
2013-04-25 14:14:15 [CLIENT] [INFO] Found animation info for: textures/blocks/fire_0.txt
2013-04-25 14:14:15 [CLIENT] [INFO] Found animation info for: textures/blocks/fire_1.txt
2013-04-25 14:14:15 [CLIENT] [INFO] Found animation info for: textures/blocks/lava.txt
2013-04-25 14:14:15 [CLIENT] [INFO] Found animation info for: textures/blocks/portal.txt
2013-04-25 14:14:15 [CLIENT] [INFO] Found animation info for: textures/blocks/water.txt
2013-04-25 14:14:16 [CLIENT] [WARNING] TextureManager.createTexture called for file textures/items/null.png, but that file does not exist. Ignoring.
2013-04-25 14:14:16 [CLIENT] [INFO] Found animation info for: textures/items/clock.txt
2013-04-25 14:14:16 [CLIENT] [INFO] Found animation info for: textures/items/compass.txt
2013-04-25 14:16:07 [CLIENT] [INFO] Stopping!
